<?xml version="1.0" encoding="UTF-8"?>
<testng-results skipped="0" failed="0" total="5" passed="5">
  <reporter-output>
  </reporter-output>
  <suite name="Default suite" duration-ms="28059" started-at="2020-01-13T12:09:56Z" finished-at="2020-01-13T12:10:24Z">
    <groups>
    </groups>
    <test name="Default test" duration-ms="28059" started-at="2020-01-13T12:09:56Z" finished-at="2020-01-13T12:10:24Z">
      <class name="com.TestCases.Demo1">
        <test-method status="PASS" signature="LaunchingBrowser()[pri:0, instance:com.TestCases.Demo1@3b1d11]" name="LaunchingBrowser" duration-ms="2977" started-at="2020-01-13T17:39:56Z" finished-at="2020-01-13T17:39:59Z">
          <reporter-output>
          </reporter-output>
        </test-method> <!-- LaunchingBrowser -->
        <test-method status="PASS" signature="openURL()[pri:0, instance:com.TestCases.Demo1@3b1d11]" name="openURL" duration-ms="3352" started-at="2020-01-13T17:39:59Z" finished-at="2020-01-13T17:40:03Z">
          <reporter-output>
          </reporter-output>
        </test-method> <!-- openURL -->
        <test-method status="PASS" signature="Register()[pri:0, instance:com.TestCases.Demo1@3b1d11]" name="Register" duration-ms="8022" started-at="2020-01-13T17:40:03Z" finished-at="2020-01-13T17:40:11Z">
          <reporter-output>
          </reporter-output>
        </test-method> <!-- Register -->
        <test-method status="PASS" signature="SignIn()[pri:0, instance:com.TestCases.Demo1@3b1d11]" name="SignIn" duration-ms="4277" started-at="2020-01-13T17:40:11Z" finished-at="2020-01-13T17:40:15Z">
          <reporter-output>
          </reporter-output>
        </test-method> <!-- SignIn -->
        <test-method status="PASS" signature="LogIn()[pri:0, instance:com.TestCases.Demo1@3b1d11]" name="LogIn" duration-ms="9407" started-at="2020-01-13T17:40:15Z" finished-at="2020-01-13T17:40:24Z">
          <reporter-output>
          </reporter-output>
        </test-method> <!-- LogIn -->
      </class> <!-- com.TestCases.Demo1 -->
    </test> <!-- Default test -->
  </suite> <!-- Default suite -->
</testng-results>
