<?xml version="1.0" encoding="UTF-8"?>
<!-- Generated by org.testng.reporters.JUnitXMLReporter -->
<testsuite hostname="DESKTOP-T0M53IP" name="Default test" tests="5" failures="0" timestamp="13 Jan 2020 12:10:24 GMT" time="28.059" errors="0">
  <testcase name="LaunchingBrowser" time="2.977" classname="com.TestCases.Demo1"/>
  <testcase name="openURL" time="3.352" classname="com.TestCases.Demo1"/>
  <testcase name="Register" time="8.022" classname="com.TestCases.Demo1"/>
  <testcase name="SignIn" time="4.277" classname="com.TestCases.Demo1"/>
  <testcase name="LogIn" time="9.407" classname="com.TestCases.Demo1"/>
</testsuite> <!-- Default test -->
